aliyun/snap_record/build/intermediates/manifest_merge_blame_file/release/manifest-merger-blame-release-report.txt
1<?xml version="1.0" encoding="utf-8"?>
2<manifest xmlns:android="http://schemas.android.com/apk/res/android"
3    xmlns:tools="http://schemas.android.com/tools"
4    package="com.aliyun.svideo.snap.record" >
5
6    <uses-sdk
7        android:minSdkVersion="21"
7-->src/main/AndroidManifest.xml
8        android:targetSdkVersion="27" />
8-->src/main/AndroidManifest.xml
9
10    <uses-permission android:name="android.permission.CAMERA" />
10-->src/main/AndroidManifest.xml:6:5-65
10-->src/main/AndroidManifest.xml:6:22-62
11    <uses-permission android:name="android.permission.WRITE_EXTERNAL_STORAGE" />
11-->src/main/AndroidManifest.xml:7:5-81
11-->src/main/AndroidManifest.xml:7:22-78
12    <uses-permission android:name="android.permission.RECORD_AUDIO" />
12-->src/main/AndroidManifest.xml:8:5-71
12-->src/main/AndroidManifest.xml:8:22-68
13    <uses-permission android:name="android.permission.INTERNET" />
13-->src/main/AndroidManifest.xml:11:5-67
13-->src/main/AndroidManifest.xml:11:22-64
14    <uses-permission android:name="android.permission.ACCESS_NETWORK_STATE" />
14-->src/main/AndroidManifest.xml:12:5-79
14-->src/main/AndroidManifest.xml:12:22-76
15
16    <application>
16-->src/main/AndroidManifest.xml:14:5-21:19
17        <activity
17-->src/main/AndroidManifest.xml:15:9-20:20
18            android:name="com.aliyun.svideo.snap.record.AliyunVideoRecorder"
18-->src/main/AndroidManifest.xml:16:13-77
19            android:screenOrientation="portrait"
19-->src/main/AndroidManifest.xml:17:13-49
20            android:theme="@style/AliyunVideoUIStytle"
20-->src/main/AndroidManifest.xml:18:13-55
21            tools:replace="android:theme" >
21-->src/main/AndroidManifest.xml:19:13-42
22        </activity>
23    </application>
24
25</manifest>